#
# A fatal error has been detected by the Java Runtime Environment:
#
#  SIGSEGV (0xb) at pc=0x0000000108c22d8c, pid=36894, tid=18947
#
# JRE version: Java(TM) SE Runtime Environment (8.0_20-b26) (build 1.8.0_20-b26)
# Java VM: Java HotSpot(TM) 64-Bit Server VM (25.20-b23 mixed mode bsd-amd64 compressed oops)
# Problematic frame:
# V  [libjvm.dylib+0x422d8c]  Method::checked_resolve_jmethod_id(_jmethodID*)+0xe
#
# Failed to write core dump. Core dumps have been disabled. To enable core dumping, try "ulimit -c unlimited" before starting Java again
#
# If you would like to submit a bug report, please visit:
#   http://bugreport.sun.com/bugreport/crash.jsp
#

---------------  T H R E A D  ---------------

Current thread (0x00007f9932025800):  JavaThread "JDWP Transport Listener: dt_socket" daemon [_thread_in_vm, id=18947, stack(0x0000700000ec4000,0x0000700000fc4000)]

siginfo: si_signo: 11 (SIGSEGV), si_code: 0 (unknown), si_addr: 0x0000000000000000

Registers:
RAX=0x0000000000000001, RBX=0x0000700000fc3a8b, RCX=0x0000000108fd5c80, RDX=0x0000700000fc3a8b
RSP=0x0000700000fc39d0, RBP=0x0000700000fc39e0, RSI=0x00007f9932025800, RDI=0xb000000000000000
R8 =0x0000000000000000, R9 =0x00007f9931e150a0, R10=0x00000000efa54687, R11=0x00007f9931e00000
R12=0x00007f9932025800, R13=0xb000000000000000, R14=0xb000000000000000, R15=0x00007f9931f008e0
RIP=0x0000000108c22d8c, EFLAGS=0x0000000000010286, ERR=0x0000000000000000
  TRAPNO=0x000000000000000d

Top of Stack: (sp=0x0000700000fc39d0)
0x0000700000fc39d0:   0000700000fc3a8b 0000700000fc3a8b
0x0000700000fc39e0:   0000700000fc3a40 0000000108b34ec2
0x0000700000fc39f0:   00007f9932025800 0000000000000000
0x0000700000fc3a00:   0000000000000000 0000000000000000
0x0000700000fc3a10:   00007f9932025800 00007f9932025800
0x0000700000fc3a20:   0000700000fc3a8b 0000700000fc3a90
0x0000700000fc3a30:   b000000000000000 0000000000000004
0x0000700000fc3a40:   0000700000fc3a60 00000001077a87dc
0x0000700000fc3a50:   0000000000000001 0000700000fc3b08
0x0000700000fc3a60:   0000700000fc3ad0 000000010778d263
0x0000700000fc3a70:   0000700000fc3aa0 00007f9931e12ee0
0x0000700000fc3a80:   0000000500000032 0000000900fc3b08
0x0000700000fc3a90:   0000000000000000 0000000000000000
0x0000700000fc3aa0:   0000000000000000 0000700000fc3c90
0x0000700000fc3ab0:   00000001077afeca 00007f9933b017c0
0x0000700000fc3ac0:   0000700000fc3b08 00000001077bb588
0x0000700000fc3ad0:   0000700000fc3ae0 000000010778d35c
0x0000700000fc3ae0:   0000700000fc3d00 00000001077968f6
0x0000700000fc3af0:   000007cb00000013 00000000000f0200
0x0000700000fc3b00:   00007f9933b00090 0000700000fc3c1e
0x0000700000fc3b10:   00007f9900000066 0000700000fc3b20
0x0000700000fc3b20:   00000000000000c6 0000700000fc3b58
0x0000700000fc3b30:   0000000000000000 0000000000000000
0x0000700000fc3b40:   000007cb0000001c 00007fff00007c80
0x0000700000fc3b50:   0000700000fc3b58 997f000005000000
0x0000700000fc3b60:   07000000581f8033 00636967614d7369
0x0000700000fc3b70:   29495b5b28060000 000000000000005a
0x0000700000fc3b80:   1f8033997f000009 536f740800000050
0x0000700000fc3b90:   000000676e697274 6176616a4c292814
0x0000700000fc3ba0:   74532f676e616c2f 0000003b676e6972
0x0000700000fc3bb0:   7f00000100000000 000000601f803399
0x0000700000fc3bc0:   6e4564696c61760a 2815000000797274 

Instructions: (pc=0x0000000108c22d8c)
0x0000000108c22d6c:   40 48 48 85 c0 75 e0 30 c0 0f b6 c0 5d c3 31 c0
0x0000000108c22d7c:   5d c3 55 48 89 e5 53 48 83 ec 08 48 85 ff 74 24
0x0000000108c22d8c:   48 8b 1f 48 85 db 74 1c 48 83 fb 37 74 16 48 8b
0x0000000108c22d9c:   03 48 89 df ff 50 10 84 c0 b8 00 00 00 00 48 0f 

Register to memory mapping:

RAX=0x0000000000000001 is an unknown value
RBX=0x0000700000fc3a8b is pointing into the stack for thread: 0x00007f9932025800
RCX=0x0000000108fd5c80: UseMembar+0 in /Library/Java/JavaVirtualMachines/jdk1.8.0_20.jdk/Contents/Home/jre/lib/server/libjvm.dylib at 0x0000000108800000
RDX=0x0000700000fc3a8b is pointing into the stack for thread: 0x00007f9932025800
RSP=0x0000700000fc39d0 is pointing into the stack for thread: 0x00007f9932025800
RBP=0x0000700000fc39e0 is pointing into the stack for thread: 0x00007f9932025800
RSI=0x00007f9932025800 is a thread
RDI=0xb000000000000000 is an unknown value
R8 =0x0000000000000000 is an unknown value
R9 =0x00007f9931e150a0 is an unknown value
R10=0x00000000efa54687 is an unknown value
R11=0x00007f9931e00000 is an unknown value
R12=0x00007f9932025800 is a thread
R13=0xb000000000000000 is an unknown value
R14=0xb000000000000000 is an unknown value
R15=0x00007f9931f008e0 is an unknown value


Stack: [0x0000700000ec4000,0x0000700000fc4000],  sp=0x0000700000fc39d0,  free space=1022k
Native frames: (J=compiled Java code, j=interpreted, Vv=VM code, C=native code)
V  [libjvm.dylib+0x422d8c]  Method::checked_resolve_jmethod_id(_jmethodID*)+0xe
V  [libjvm.dylib+0x334ec2]  jvmti_IsMethodSynthetic+0xb2
C  [libjdwp.dylib+0x207dc]  isMethodSynthetic+0x63
C  [libjdwp.dylib+0x5263]  methods1+0x10b
C  [libjdwp.dylib+0x535c]  methodsWithGeneric+0xe
C  [libjdwp.dylib+0xe8f6]  debugLoop_run+0x1ce
C  [libjdwp.dylib+0x1f716]  attachThread+0x4d
V  [libjvm.dylib+0x375f22]  JvmtiAgentThread::call_start_function()+0x38
V  [libjvm.dylib+0x535a51]  JavaThread::thread_main_inner()+0x9b
V  [libjvm.dylib+0x537194]  JavaThread::run()+0x1c2
V  [libjvm.dylib+0x45d35a]  java_start(Thread*)+0xf6
C  [libsystem_pthread.dylib+0x399d]  _pthread_body+0x83
C  [libsystem_pthread.dylib+0x391a]  _pthread_body+0x0
C  [libsystem_pthread.dylib+0x1351]  thread_start+0xd
C  0x0000000000000000


---------------  P R O C E S S  ---------------

Java Threads: ( => current thread )
  0x00007f9934006800 JavaThread "Service Thread" daemon [_thread_blocked, id=22531, stack(0x00007000015d9000,0x00007000016d9000)]
  0x00007f9933044800 JavaThread "C1 CompilerThread3" daemon [_thread_blocked, id=22019, stack(0x00007000014d6000,0x00007000015d6000)]
  0x00007f9935801000 JavaThread "C2 CompilerThread2" daemon [_thread_blocked, id=21507, stack(0x00007000013d3000,0x00007000014d3000)]
  0x00007f9932026800 JavaThread "C2 CompilerThread1" daemon [_thread_blocked, id=20995, stack(0x00007000012d0000,0x00007000013d0000)]
  0x00007f9933043800 JavaThread "C2 CompilerThread0" daemon [_thread_blocked, id=20483, stack(0x00007000011cd000,0x00007000012cd000)]
  0x00007f993280e800 JavaThread "JDWP Command Reader" daemon [_thread_in_native, id=19971, stack(0x00007000010ca000,0x00007000011ca000)]
  0x00007f993280d800 JavaThread "JDWP Event Helper Thread" daemon [_thread_blocked, id=19459, stack(0x0000700000fc7000,0x00007000010c7000)]
=>0x00007f9932025800 JavaThread "JDWP Transport Listener: dt_socket" daemon [_thread_in_vm, id=18947, stack(0x0000700000ec4000,0x0000700000fc4000)]
  0x00007f993303d800 JavaThread "Signal Dispatcher" daemon [_thread_blocked, id=15887, stack(0x0000700000dc1000,0x0000700000ec1000)]
  0x00007f9933037000 JavaThread "Finalizer" daemon [_thread_blocked, id=14339, stack(0x0000700000c3b000,0x0000700000d3b000)]
  0x00007f9932004000 JavaThread "Reference Handler" daemon [_thread_blocked, id=13827, stack(0x0000700000b38000,0x0000700000c38000)]
  0x00007f9933001000 JavaThread "main" [_thread_blocked, id=5891, stack(0x000070000011a000,0x000070000021a000)]

Other Threads:
  0x00007f9933036800 VMThread [stack: 0x0000700000a35000,0x0000700000b35000] [id=13315]
  0x00007f9935800000 WatcherThread [stack: 0x00007000016dc000,0x00007000017dc000] [id=23043]

VM state:not at safepoint (normal execution)

VM Mutex/Monitor currently owned by a thread: None

Heap:
 PSYoungGen      total 76288K, used 5243K [0x000000076ab00000, 0x0000000770000000, 0x00000007c0000000)
  eden space 65536K, 8% used [0x000000076ab00000,0x000000076b01ec68,0x000000076eb00000)
  from space 10752K, 0% used [0x000000076f580000,0x000000076f580000,0x0000000770000000)
  to   space 10752K, 0% used [0x000000076eb00000,0x000000076eb00000,0x000000076f580000)
 ParOldGen       total 175104K, used 0K [0x00000006c0000000, 0x00000006cab00000, 0x000000076ab00000)
  object space 175104K, 0% used [0x00000006c0000000,0x00000006c0000000,0x00000006cab00000)
 Metaspace       used 2882K, capacity 4664K, committed 4864K, reserved 1056768K
  class space    used 307K, capacity 424K, committed 512K, reserved 1048576K

Card table byte_map: [0x0000000118adb000,0x00000001192dc000] byte_map_base: 0x00000001154db000

Marking Bits: (ParMarkBitMap*) 0x000000010909c330
 Begin Bits: [0x0000000119832000, 0x000000011d832000)
 End Bits:   [0x000000011d832000, 0x0000000121832000)

Polling page: 0x0000000107787000

CodeCache: size=245760Kb used=1123Kb max_used=1123Kb free=244636Kb
 bounds [0x000000010971b000, 0x000000010998b000, 0x000000011871b000]
 total_blobs=257 nmethods=31 adapters=150
 compilation: enabled

Compilation events (10 events):
Event: 0.187 Thread 0x00007f9933044800   27       3       java.util.zip.CRC32::update (16 bytes)
Event: 0.187 Thread 0x00007f9933044800 nmethod 27 0x0000000109832090 code [0x0000000109832200, 0x0000000109832390]
Event: 0.187 Thread 0x00007f9933044800   28       3       sun.util.calendar.ZoneInfoFile$Checksum::update (39 bytes)
Event: 0.187 Thread 0x00007f9933044800 nmethod 28 0x0000000109832450 code [0x00000001098325c0, 0x00000001098328d0]
Event: 0.190 Thread 0x00007f9933044800   29       3       java.lang.String::getChars (62 bytes)
Event: 0.191 Thread 0x00007f9933044800 nmethod 29 0x0000000109832dd0 code [0x0000000109832fa0, 0x0000000109833438]
Event: 0.191 Thread 0x00007f9933044800   30       1       java.lang.ref.Reference::get (5 bytes)
Event: 0.191 Thread 0x00007f9933044800 nmethod 30 0x0000000109833950 code [0x0000000109833aa0, 0x0000000109833bb0]
Event: 0.206 Thread 0x00007f9933044800   31       3       java.lang.System::getSecurityManager (4 bytes)
Event: 0.206 Thread 0x00007f9933044800 nmethod 31 0x0000000109833c10 code [0x0000000109833d60, 0x0000000109833eb0]

GC Heap History (0 events):
No events

Deoptimization events (0 events):
No events

Internal exceptions (3 events):
Event: 0.032 Thread 0x00007f9933001000 Exception <a 'java/lang/NoSuchMethodError': Method sun.misc.Unsafe.defineClass(Ljava/lang/String;[BII)Ljava/lang/Class; name or signature does not match> (0x000000076ab11fe0) thrown at [/HUDSON3/workspace/8-2-build-macosx-x86_64/jdk8u20/1074/hotspot/src/s
Event: 0.032 Thread 0x00007f9933001000 Exception <a 'java/lang/NoSuchMethodError': Method sun.misc.Unsafe.prefetchRead(Ljava/lang/Object;J)V name or signature does not match> (0x000000076ab12270) thrown at [/HUDSON3/workspace/8-2-build-macosx-x86_64/jdk8u20/1074/hotspot/src/share/vm/prims/jni.
Event: 0.190 Thread 0x00007f9933001000 Exception <a 'java/security/PrivilegedActionException'> (0x000000076ab9a088) thrown at [/HUDSON3/workspace/8-2-build-macosx-x86_64/jdk8u20/1074/hotspot/src/share/vm/prims/jvm.cpp, line 1275]

Events (10 events):
Event: 4265.368 Executing VM operation: GetCurrentLocation
Event: 4265.368 Executing VM operation: GetCurrentLocation done
Event: 4265.368 Executing VM operation: EnterInterpOnlyMode
Event: 4265.368 Executing VM operation: EnterInterpOnlyMode done
Event: 4265.368 Executing VM operation: ChangeSingleStep
Event: 4265.368 Executing VM operation: ChangeSingleStep done
Event: 4265.368 Executing VM operation: ChangeSingleStep
Event: 4265.368 Executing VM operation: ChangeSingleStep done
Event: 4313.600 Executing VM operation: RedefineClasses
Event: 4313.600 Executing VM operation: RedefineClasses done


Dynamic libraries:
0x000000000ab11000 	/System/Library/Frameworks/Cocoa.framework/Versions/A/Cocoa
0x000000000ab11000 	/System/Library/Frameworks/Security.framework/Versions/A/Security
0x000000000ab11000 	/System/Library/Frameworks/ApplicationServices.framework/Versions/A/ApplicationServices
0x000000000ab11000 	/usr/lib/libz.1.dylib
0x000000000ab11000 	/usr/lib/libSystem.B.dylib
0x000000000ab11000 	/usr/lib/libobjc.A.dylib
0x000000000ab11000 	/System/Library/Frameworks/CoreFoundation.framework/Versions/A/CoreFoundation
0x000000000ab11000 	/System/Library/Frameworks/Foundation.framework/Versions/C/Foundation
0x000000000ab11000 	/System/Library/Frameworks/AppKit.framework/Versions/C/AppKit
0x000000000ab11000 	/System/Library/Frameworks/CoreData.framework/Versions/A/CoreData
0x000000000ab11000 	/System/Library/PrivateFrameworks/RemoteViewServices.framework/Versions/A/RemoteViewServices
0x000000000ab11000 	/System/Library/PrivateFrameworks/UIFoundation.framework/Versions/A/UIFoundation
0x000000000ab11000 	/usr/lib/libScreenReader.dylib
0x000000000ab11000 	/System/Library/Frameworks/Accelerate.framework/Versions/A/Accelerate
0x000000000ab11000 	/System/Library/Frameworks/IOSurface.framework/Versions/A/IOSurface
0x000000000ab11000 	/System/Library/Frameworks/AudioToolbox.framework/Versions/A/AudioToolbox
0x000000000ab11000 	/System/Library/Frameworks/AudioUnit.framework/Versions/A/AudioUnit
0x000000000ab11000 	/System/Library/PrivateFrameworks/DataDetectorsCore.framework/Versions/A/DataDetectorsCore
0x000000000ab11000 	/System/Library/PrivateFrameworks/DesktopServicesPriv.framework/Versions/A/DesktopServicesPriv
0x000000000ab11000 	/System/Library/Frameworks/Carbon.framework/Versions/A/Frameworks/HIToolbox.framework/Versions/A/HIToolbox
0x000000000ab11000 	/System/Library/Frameworks/QuartzCore.framework/Versions/A/QuartzCore
0x000000000ab11000 	/System/Library/Frameworks/Carbon.framework/Versions/A/Frameworks/SpeechRecognition.framework/Versions/A/SpeechRecognition
0x000000000ab11000 	/usr/lib/libauto.dylib
0x000000000ab11000 	/usr/lib/libicucore.A.dylib
0x000000000ab11000 	/usr/lib/libxml2.2.dylib
0x000000000ab11000 	/System/Library/PrivateFrameworks/CoreUI.framework/Versions/A/CoreUI
0x000000000ab11000 	/System/Library/Frameworks/CoreAudio.framework/Versions/A/CoreAudio
0x000000000ab11000 	/System/Library/Frameworks/DiskArbitration.framework/Versions/A/DiskArbitration
0x000000000ab11000 	/usr/lib/liblangid.dylib
0x000000000ab11000 	/System/Library/PrivateFrameworks/MultitouchSupport.framework/Versions/A/MultitouchSupport
0x000000000ab11000 	/System/Library/Frameworks/IOKit.framework/Versions/A/IOKit
0x000000000ab11000 	/usr/lib/libDiagnosticMessagesClient.dylib
0x000000000ab11000 	/System/Library/Frameworks/CoreServices.framework/Versions/A/CoreServices
0x000000000ab11000 	/System/Library/PrivateFrameworks/PerformanceAnalysis.framework/Versions/A/PerformanceAnalysis
0x000000000ab11000 	/System/Library/PrivateFrameworks/GenerationalStorage.framework/Versions/A/GenerationalStorage
0x000000000ab11000 	/System/Library/Frameworks/OpenGL.framework/Versions/A/OpenGL
0x000000000ab11000 	/System/Library/PrivateFrameworks/Sharing.framework/Versions/A/Sharing
0x000000000ab11000 	/System/Library/Frameworks/CoreGraphics.framework/Versions/A/CoreGraphics
0x000000000ab11000 	/System/Library/Frameworks/CoreImage.framework/Versions/A/CoreImage
0x000000000ab11000 	/System/Library/Frameworks/CoreText.framework/Versions/A/CoreText
0x000000000ab11000 	/System/Library/Frameworks/ImageIO.framework/Versions/A/ImageIO
0x000000000ab11000 	/System/Library/PrivateFrameworks/Backup.framework/Versions/A/Backup
0x000000000ab11000 	/usr/lib/libextension.dylib
0x000000000ab11000 	/usr/lib/libarchive.2.dylib
0x000000000ab11000 	/System/Library/Frameworks/CFNetwork.framework/Versions/A/CFNetwork
0x000000000ab11000 	/System/Library/Frameworks/SystemConfiguration.framework/Versions/A/SystemConfiguration
0x000000000ab11000 	/usr/lib/libCRFSuite.dylib
0x000000000ab11000 	/usr/lib/libc++.1.dylib
0x000000000ab11000 	/usr/lib/libc++abi.dylib
0x000000000ab11000 	/usr/lib/system/libcache.dylib
0x000000000ab11000 	/usr/lib/system/libcommonCrypto.dylib
0x000000000ab11000 	/usr/lib/system/libcompiler_rt.dylib
0x000000000ab11000 	/usr/lib/system/libcopyfile.dylib
0x000000000ab11000 	/usr/lib/system/libcorecrypto.dylib
0x000000000ab11000 	/usr/lib/system/libdispatch.dylib
0x000000000ab11000 	/usr/lib/system/libdyld.dylib
0x000000000ab11000 	/usr/lib/system/libkeymgr.dylib
0x000000000ab11000 	/usr/lib/system/liblaunch.dylib
0x000000000ab11000 	/usr/lib/system/libmacho.dylib
0x000000000ab11000 	/usr/lib/system/libquarantine.dylib
0x000000000ab11000 	/usr/lib/system/libremovefile.dylib
0x000000000ab11000 	/usr/lib/system/libsystem_asl.dylib
0x000000000ab11000 	/usr/lib/system/libsystem_blocks.dylib
0x000000000ab11000 	/usr/lib/system/libsystem_c.dylib
0x000000000ab11000 	/usr/lib/system/libsystem_configuration.dylib
0x000000000ab11000 	/usr/lib/system/libsystem_coreservices.dylib
0x000000000ab11000 	/usr/lib/system/libsystem_coretls.dylib
0x000000000ab11000 	/usr/lib/system/libsystem_dnssd.dylib
0x000000000ab11000 	/usr/lib/system/libsystem_info.dylib
0x000000000ab11000 	/usr/lib/system/libsystem_kernel.dylib
0x000000000ab11000 	/usr/lib/system/libsystem_m.dylib
0x000000000ab11000 	/usr/lib/system/libsystem_malloc.dylib
0x000000000ab11000 	/usr/lib/system/libsystem_network.dylib
0x000000000ab11000 	/usr/lib/system/libsystem_networkextension.dylib
0x000000000ab11000 	/usr/lib/system/libsystem_notify.dylib
0x000000000ab11000 	/usr/lib/system/libsystem_platform.dylib
0x000000000ab11000 	/usr/lib/system/libsystem_pthread.dylib
0x000000000ab11000 	/usr/lib/system/libsystem_sandbox.dylib
0x000000000ab11000 	/usr/lib/system/libsystem_secinit.dylib
0x000000000ab11000 	/usr/lib/system/libsystem_trace.dylib
0x000000000ab11000 	/usr/lib/system/libunc.dylib
0x000000000ab11000 	/usr/lib/system/libunwind.dylib
0x000000000ab11000 	/usr/lib/system/libxpc.dylib
0x000000000ab11000 	/usr/lib/libenergytrace.dylib
0x000000000ab11000 	/usr/lib/libbsm.0.dylib
0x000000000ab11000 	/usr/lib/system/libkxld.dylib
0x000000000ab11000 	/usr/lib/libxar.1.dylib
0x000000000ab11000 	/usr/lib/libsqlite3.dylib
0x000000000ab11000 	/usr/lib/libpam.2.dylib
0x000000000ab11000 	/usr/lib/libOpenScriptingUtil.dylib
0x000000000ab11000 	/usr/lib/libbz2.1.0.dylib
0x000000000ab11000 	/usr/lib/liblzma.5.dylib
0x000000000ab11000 	/System/Library/Frameworks/CoreServices.framework/Versions/A/Frameworks/FSEvents.framework/Versions/A/FSEvents
0x000000000ab11000 	/System/Library/Frameworks/CoreServices.framework/Versions/A/Frameworks/CarbonCore.framework/Versions/A/CarbonCore
0x000000000ab11000 	/System/Library/Frameworks/CoreServices.framework/Versions/A/Frameworks/Metadata.framework/Versions/A/Metadata
0x000000000ab11000 	/System/Library/Frameworks/CoreServices.framework/Versions/A/Frameworks/OSServices.framework/Versions/A/OSServices
0x000000000ab11000 	/System/Library/Frameworks/CoreServices.framework/Versions/A/Frameworks/SearchKit.framework/Versions/A/SearchKit
0x000000000ab11000 	/System/Library/Frameworks/CoreServices.framework/Versions/A/Frameworks/AE.framework/Versions/A/AE
0x000000000ab11000 	/System/Library/Frameworks/CoreServices.framework/Versions/A/Frameworks/LaunchServices.framework/Versions/A/LaunchServices
0x000000000ab11000 	/System/Library/Frameworks/CoreServices.framework/Versions/A/Frameworks/DictionaryServices.framework/Versions/A/DictionaryServices
0x000000000ab11000 	/System/Library/Frameworks/CoreServices.framework/Versions/A/Frameworks/SharedFileList.framework/Versions/A/SharedFileList
0x000000000ab11000 	/System/Library/Frameworks/NetFS.framework/Versions/A/NetFS
0x000000000ab11000 	/System/Library/PrivateFrameworks/NetAuth.framework/Versions/A/NetAuth
0x000000000ab11000 	/System/Library/PrivateFrameworks/login.framework/Versions/A/Frameworks/loginsupport.framework/Versions/A/loginsupport
0x000000000ab11000 	/System/Library/PrivateFrameworks/TCC.framework/Versions/A/TCC
0x000000000ab11000 	/usr/lib/libmecabra.dylib
0x000000000ab11000 	/System/Library/Frameworks/ApplicationServices.framework/Versions/A/Frameworks/ATS.framework/Versions/A/ATS
0x000000000ab11000 	/System/Library/Frameworks/ApplicationServices.framework/Versions/A/Frameworks/ColorSync.framework/Versions/A/ColorSync
0x000000000ab11000 	/System/Library/Frameworks/ApplicationServices.framework/Versions/A/Frameworks/HIServices.framework/Versions/A/HIServices
0x000000000ab11000 	/System/Library/Frameworks/ApplicationServices.framework/Versions/A/Frameworks/LangAnalysis.framework/Versions/A/LangAnalysis
0x000000000ab11000 	/System/Library/Frameworks/ApplicationServices.framework/Versions/A/Frameworks/PrintCore.framework/Versions/A/PrintCore
0x000000000ab11000 	/System/Library/Frameworks/ApplicationServices.framework/Versions/A/Frameworks/QD.framework/Versions/A/QD
0x000000000ab11000 	/System/Library/Frameworks/ApplicationServices.framework/Versions/A/Frameworks/SpeechSynthesis.framework/Versions/A/SpeechSynthesis
0x000000000ab11000 	/System/Library/Frameworks/Metal.framework/Versions/A/Metal
0x000000000ab11000 	/System/Library/Frameworks/Accelerate.framework/Versions/A/Frameworks/vImage.framework/Versions/A/vImage
0x000000000ab11000 	/System/Library/Frameworks/Accelerate.framework/Versions/A/Frameworks/vecLib.framework/Versions/A/vecLib
0x000000000ab11000 	/System/Library/Frameworks/Accelerate.framework/Versions/A/Frameworks/vecLib.framework/Versions/A/libvDSP.dylib
0x000000000ab11000 	/System/Library/Frameworks/Accelerate.framework/Versions/A/Frameworks/vecLib.framework/Versions/A/libvMisc.dylib
0x000000000ab11000 	/System/Library/Frameworks/Accelerate.framework/Versions/A/Frameworks/vecLib.framework/Versions/A/libLAPACK.dylib
0x000000000ab11000 	/System/Library/Frameworks/Accelerate.framework/Versions/A/Frameworks/vecLib.framework/Versions/A/libBLAS.dylib
0x000000000ab11000 	/System/Library/Frameworks/Accelerate.framework/Versions/A/Frameworks/vecLib.framework/Versions/A/libLinearAlgebra.dylib
0x000000000ab11000 	/System/Library/Frameworks/Accelerate.framework/Versions/A/Frameworks/vecLib.framework/Versions/A/libSparseBLAS.dylib
0x000000000ab11000 	/System/Library/PrivateFrameworks/GPUCompiler.framework/libmetal_timestamp.dylib
0x000000000ab11000 	/System/Library/Frameworks/OpenGL.framework/Versions/A/Libraries/libCoreFSCache.dylib
0x000000000ab11000 	/System/Library/PrivateFrameworks/IOAccelerator.framework/Versions/A/IOAccelerator
0x000000000ab11000 	/System/Library/Frameworks/ApplicationServices.framework/Versions/A/Frameworks/ATS.framework/Versions/A/Resources/libFontParser.dylib
0x000000000ab11000 	/System/Library/Frameworks/ApplicationServices.framework/Versions/A/Frameworks/ATS.framework/Versions/A/Resources/libFontRegistry.dylib
0x000000000ab11000 	/System/Library/PrivateFrameworks/AppleVPA.framework/Versions/A/AppleVPA
0x000000000ab11000 	/System/Library/PrivateFrameworks/AppleJPEG.framework/Versions/A/AppleJPEG
0x000000000ab11000 	/System/Library/Frameworks/ImageIO.framework/Versions/A/Resources/libJPEG.dylib
0x000000000ab11000 	/System/Library/Frameworks/ImageIO.framework/Versions/A/Resources/libTIFF.dylib
0x000000000ab11000 	/System/Library/Frameworks/ImageIO.framework/Versions/A/Resources/libPng.dylib
0x000000000ab11000 	/System/Library/Frameworks/ImageIO.framework/Versions/A/Resources/libGIF.dylib
0x000000000ab11000 	/System/Library/Frameworks/ImageIO.framework/Versions/A/Resources/libJP2.dylib
0x000000000ab11000 	/System/Library/Frameworks/ImageIO.framework/Versions/A/Resources/libRadiance.dylib
0x000000000ab11000 	/System/Library/Frameworks/CoreVideo.framework/Versions/A/CoreVideo
0x000000000ab11000 	/System/Library/Frameworks/OpenGL.framework/Versions/A/Libraries/libGLU.dylib
0x000000000ab11000 	/System/Library/Frameworks/OpenGL.framework/Versions/A/Libraries/libGFXShared.dylib
0x000000000ab11000 	/System/Library/Frameworks/OpenGL.framework/Versions/A/Libraries/libGL.dylib
0x000000000ab11000 	/System/Library/Frameworks/OpenGL.framework/Versions/A/Libraries/libGLImage.dylib
0x000000000ab11000 	/System/Library/Frameworks/OpenGL.framework/Versions/A/Libraries/libCVMSPluginSupport.dylib
0x000000000ab11000 	/System/Library/Frameworks/OpenGL.framework/Versions/A/Libraries/libCoreVMClient.dylib
0x000000000ab11000 	/usr/lib/libcups.2.dylib
0x000000000ab11000 	/System/Library/Frameworks/Kerberos.framework/Versions/A/Kerberos
0x000000000ab11000 	/System/Library/Frameworks/GSS.framework/Versions/A/GSS
0x000000000ab11000 	/usr/lib/libresolv.9.dylib
0x000000000ab11000 	/usr/lib/libiconv.2.dylib
0x000000000ab11000 	/System/Library/PrivateFrameworks/Heimdal.framework/Versions/A/Heimdal
0x000000000ab11000 	/usr/lib/libheimdal-asn1.dylib
0x000000000ab11000 	/System/Library/Frameworks/OpenDirectory.framework/Versions/A/OpenDirectory
0x000000000ab11000 	/System/Library/PrivateFrameworks/CommonAuth.framework/Versions/A/CommonAuth
0x000000000ab11000 	/System/Library/Frameworks/OpenDirectory.framework/Versions/A/Frameworks/CFOpenDirectory.framework/Versions/A/CFOpenDirectory
0x000000000ab11000 	/System/Library/Frameworks/SecurityFoundation.framework/Versions/A/SecurityFoundation
0x000000000ab11000 	/System/Library/PrivateFrameworks/LanguageModeling.framework/Versions/A/LanguageModeling
0x000000000ab11000 	/usr/lib/libmarisa.dylib
0x000000000ab11000 	/usr/lib/libChineseTokenizer.dylib
0x000000000ab11000 	/usr/lib/libcmph.dylib
0x000000000ab11000 	/usr/lib/libcompression.dylib
0x000000000ab11000 	/System/Library/Frameworks/ServiceManagement.framework/Versions/A/ServiceManagement
0x000000000ab11000 	/usr/lib/libxslt.1.dylib
0x000000000ab11000 	/System/Library/Frameworks/Carbon.framework/Versions/A/Frameworks/Ink.framework/Versions/A/Ink
0x000000000ab11000 	/usr/lib/libFosl_dynamic.dylib
0x000000000ab11000 	/System/Library/PrivateFrameworks/FaceCore.framework/Versions/A/FaceCore
0x000000000ab11000 	/System/Library/Frameworks/OpenCL.framework/Versions/A/OpenCL
0x000000000ab11000 	/System/Library/PrivateFrameworks/CrashReporterSupport.framework/Versions/A/CrashReporterSupport
0x000000000ab11000 	/System/Library/PrivateFrameworks/IconServices.framework/Versions/A/IconServices
0x000000000ab11000 	/System/Library/PrivateFrameworks/Apple80211.framework/Versions/A/Apple80211
0x000000000ab11000 	/System/Library/Frameworks/CoreWLAN.framework/Versions/A/CoreWLAN
0x000000000ab11000 	/System/Library/Frameworks/IOBluetooth.framework/Versions/A/IOBluetooth
0x000000000ab11000 	/System/Library/PrivateFrameworks/CoreWiFi.framework/Versions/A/CoreWiFi
0x000000000ab11000 	/System/Library/Frameworks/CoreBluetooth.framework/Versions/A/CoreBluetooth
0x000000000ab11000 	/System/Library/PrivateFrameworks/ChunkingLibrary.framework/Versions/A/ChunkingLibrary
0x000000000ab11000 	/System/Library/PrivateFrameworks/DebugSymbols.framework/Versions/A/DebugSymbols
0x000000000ab11000 	/System/Library/PrivateFrameworks/CoreSymbolication.framework/Versions/A/CoreSymbolication
0x000000000ab11000 	/System/Library/PrivateFrameworks/Symbolication.framework/Versions/A/Symbolication
0x000000000ab11000 	/System/Library/PrivateFrameworks/SpeechRecognitionCore.framework/Versions/A/SpeechRecognitionCore
0x0000000108800000 	/Library/Java/JavaVirtualMachines/jdk1.8.0_20.jdk/Contents/Home/jre/lib/server/libjvm.dylib
0x000000000ab11000 	/usr/lib/libstdc++.6.dylib
0x0000000107745000 	/Library/Java/JavaVirtualMachines/jdk1.8.0_20.jdk/Contents/Home/jre/lib/libverify.dylib
0x0000000107753000 	/Library/Java/JavaVirtualMachines/jdk1.8.0_20.jdk/Contents/Home/jre/lib/libjava.dylib
0x0000000107788000 	/Library/Java/JavaVirtualMachines/jdk1.8.0_20.jdk/Contents/Home/jre/lib/libjdwp.dylib
0x00000001077d3000 	/Library/Java/JavaVirtualMachines/jdk1.8.0_20.jdk/Contents/Home/jre/lib/libnpt.dylib
0x00000001077e0000 	/Library/Java/JavaVirtualMachines/jdk1.8.0_20.jdk/Contents/Home/jre/lib/libzip.dylib
0x00000001247cd000 	/System/Library/Frameworks/JavaVM.framework/Frameworks/JavaRuntimeSupport.framework/JavaRuntimeSupport
0x00000001077ea000 	/System/Library/Frameworks/JavaVM.framework/Versions/A/Frameworks/JavaNativeFoundation.framework/Versions/A/JavaNativeFoundation
0x00000001247e8000 	/System/Library/Frameworks/JavaVM.framework/Versions/A/JavaVM
0x000000000ab11000 	/System/Library/Frameworks/Carbon.framework/Versions/A/Carbon
0x00000001247f5000 	/System/Library/PrivateFrameworks/JavaLaunching.framework/Versions/A/JavaLaunching
0x000000000ab11000 	/System/Library/Frameworks/Carbon.framework/Versions/A/Frameworks/CommonPanels.framework/Versions/A/CommonPanels
0x000000000ab11000 	/System/Library/Frameworks/Carbon.framework/Versions/A/Frameworks/Help.framework/Versions/A/Help
0x000000000ab11000 	/System/Library/Frameworks/Carbon.framework/Versions/A/Frameworks/ImageCapture.framework/Versions/A/ImageCapture
0x000000000ab11000 	/System/Library/Frameworks/Carbon.framework/Versions/A/Frameworks/OpenScripting.framework/Versions/A/OpenScripting
0x000000000ab11000 	/System/Library/Frameworks/Carbon.framework/Versions/A/Frameworks/Print.framework/Versions/A/Print
0x000000000ab11000 	/System/Library/Frameworks/Carbon.framework/Versions/A/Frameworks/SecurityHI.framework/Versions/A/SecurityHI
0x0000000126117000 	/Library/Java/JavaVirtualMachines/jdk1.8.0_20.jdk/Contents/Home/jre/lib/libdt_socket.dylib

VM Arguments:
jvm_args: -agentlib:jdwp=transport=dt_socket,suspend=y,address=localhost:64640 -Dfile.encoding=UTF-8 
java_command: ms.OddMagicSquare
java_class_path (initial): /Users/arshana/Documents/workspace/MagicSquare/bin
Launcher Type: SUN_STANDARD

Environment Variables:
PATH=/usr/bin:/bin:/usr/sbin:/sbin
SHELL=/bin/bash

Signal Handlers:
SIGSEGV: [libjvm.dylib+0x578fd7], sa_mask[0]=11111111011111110111111111111111, sa_flags=SA_ONSTACK|SA_RESTART|SA_SIGINFO
SIGBUS: [libjvm.dylib+0x578fd7], sa_mask[0]=11111111011111110111111111111111, sa_flags=SA_RESTART|SA_SIGINFO
SIGFPE: [libjvm.dylib+0x45ab0c], sa_mask[0]=11111111011111110111111111111111, sa_flags=SA_RESTART|SA_SIGINFO
SIGPIPE: [libjvm.dylib+0x45ab0c], sa_mask[0]=11111111011111110111111111111111, sa_flags=SA_RESTART|SA_SIGINFO
SIGXFSZ: [libjvm.dylib+0x45ab0c], sa_mask[0]=11111111011111110111111111111111, sa_flags=SA_RESTART|SA_SIGINFO
SIGILL: [libjvm.dylib+0x45ab0c], sa_mask[0]=11111111011111110111111111111111, sa_flags=SA_RESTART|SA_SIGINFO
SIGUSR1: SIG_DFL, sa_mask[0]=00000000000000000000000000000000, sa_flags=none
SIGUSR2: [libjvm.dylib+0x45a62a], sa_mask[0]=00100000000000000000000000000000, sa_flags=SA_RESTART|SA_SIGINFO
SIGHUP: [libjvm.dylib+0x458bfd], sa_mask[0]=11111111011111110111111111111111, sa_flags=SA_RESTART|SA_SIGINFO
SIGINT: [libjvm.dylib+0x458bfd], sa_mask[0]=11111111011111110111111111111111, sa_flags=SA_RESTART|SA_SIGINFO
SIGTERM: [libjvm.dylib+0x458bfd], sa_mask[0]=11111111011111110111111111111111, sa_flags=SA_RESTART|SA_SIGINFO
SIGQUIT: [libjvm.dylib+0x458bfd], sa_mask[0]=11111111011111110111111111111111, sa_flags=SA_RESTART|SA_SIGINFO


---------------  S Y S T E M  ---------------

OS:Bsduname:Darwin 15.4.0 Darwin Kernel Version 15.4.0: Fri Feb 26 22:08:05 PST 2016; root:xnu-3248.40.184~3/RELEASE_X86_64 x86_64
rlimit: STACK 8192k, CORE 0k, NPROC 709, NOFILE 10240, AS infinity
load average:2.48 2.49 2.78

CPU:total 8 (4 cores per cpu, 2 threads per core) family 6 model 70 stepping 1, cmov, cx8, fxsr, mmx, sse, sse2, sse3, ssse3, sse4.1, sse4.2, popcnt, avx, avx2, aes, clmul, erms, lzcnt, ht, tsc, tscinvbit, bmi1, bmi2

Memory: 4k page, physical 16777216k(877416k free)

/proc/meminfo:


vm_info: Java HotSpot(TM) 64-Bit Server VM (25.20-b23) for bsd-amd64 JRE (1.8.0_20-b26), built on Jul 30 2014 13:37:47 by "java_re" with gcc 4.2.1 (Based on Apple Inc. build 5658) (LLVM build 2336.9.00)

time: Wed Sep 28 11:55:23 2016
elapsed time: 4313 seconds (0d 1h 11m 53s)

